<?xml version="1.0" encoding="UTF-8"?>
<testng-results skipped="0" failed="0" total="1" passed="1">
  <reporter-output>
  </reporter-output>
  <suite name="TernwaveSuite" duration-ms="216018" started-at="2016-04-16T21:30:43Z" finished-at="2016-04-16T21:34:19Z">
    <groups>
    </groups>
    <test name="Test" duration-ms="216018" started-at="2016-04-16T21:30:43Z" finished-at="2016-04-16T21:34:19Z">
      <class name="test.resources.DriverScript">
        <test-method status="PASS" signature="startTesting()[pri:0, instance:test.resources.DriverScript@ecd4b]" name="startTesting" is-config="true" duration-ms="1386" started-at="2016-04-16T17:30:43Z" finished-at="2016-04-16T17:30:44Z">
          <reporter-output>
          </reporter-output>
        </test-method> <!-- startTesting -->
        <test-method status="PASS" signature="TestApp()[pri:0, instance:test.resources.DriverScript@ecd4b]" name="TestApp" duration-ms="214615" started-at="2016-04-16T17:30:44Z" finished-at="2016-04-16T17:34:19Z">
          <reporter-output>
          </reporter-output>
        </test-method> <!-- TestApp -->
      </class> <!-- test.resources.DriverScript -->
    </test> <!-- Test -->
  </suite> <!-- TernwaveSuite -->
</testng-results>
