<?xml version="1.0" encoding="UTF-8"?>
<testng-results skipped="0" failed="0" total="1" passed="1">
  <reporter-output>
  </reporter-output>
  <suite name="TernwaveSuite" duration-ms="112608" started-at="2016-04-16T21:29:08Z" finished-at="2016-04-16T21:31:01Z">
    <groups>
    </groups>
    <test name="Test" duration-ms="112608" started-at="2016-04-16T21:29:08Z" finished-at="2016-04-16T21:31:01Z">
      <class name="test.resources.DriverScript">
        <test-method status="PASS" signature="startTesting()[pri:0, instance:test.resources.DriverScript@cb5822]" name="startTesting" is-config="true" duration-ms="1411" started-at="2016-04-16T17:29:08Z" finished-at="2016-04-16T17:29:09Z">
          <reporter-output>
          </reporter-output>
        </test-method> <!-- startTesting -->
        <test-method status="PASS" signature="TestApp()[pri:0, instance:test.resources.DriverScript@cb5822]" name="TestApp" duration-ms="111170" started-at="2016-04-16T17:29:09Z" finished-at="2016-04-16T17:31:01Z">
          <reporter-output>
          </reporter-output>
        </test-method> <!-- TestApp -->
      </class> <!-- test.resources.DriverScript -->
    </test> <!-- Test -->
  </suite> <!-- TernwaveSuite -->
</testng-results>
