<?xml version="1.0" encoding="UTF-8"?>
<testng-results skipped="0" failed="0" total="1" passed="1">
  <reporter-output>
  </reporter-output>
  <suite name="Suite" duration-ms="207272" started-at="2016-04-15T20:35:27Z" finished-at="2016-04-15T20:38:55Z">
    <groups>
    </groups>
    <test name="Test" duration-ms="207272" started-at="2016-04-15T20:35:27Z" finished-at="2016-04-15T20:38:55Z">
      <class name="twtest.DriverScript">
        <test-method status="PASS" signature="startTesting()[pri:0, instance:twtest.DriverScript@6c10fa4d]" name="startTesting" is-config="true" duration-ms="1123" started-at="2016-04-15T16:35:27Z" finished-at="2016-04-15T16:35:29Z">
          <reporter-output>
          </reporter-output>
        </test-method> <!-- startTesting -->
        <test-method status="PASS" signature="TestApp()[pri:0, instance:twtest.DriverScript@6c10fa4d]" name="TestApp" duration-ms="206133" started-at="2016-04-15T16:35:29Z" finished-at="2016-04-15T16:38:55Z">
          <reporter-output>
          </reporter-output>
        </test-method> <!-- TestApp -->
      </class> <!-- twtest.DriverScript -->
    </test> <!-- Test -->
  </suite> <!-- Suite -->
</testng-results>
